  [4;36;1mSQL (0.1ms)[0m   [0;1mSET NAMES 'utf8'[0m
  [4;35;1mSQL (0.1ms)[0m   [0mSET SQL_AUTO_IS_NULL=0[0m


Processing PageController#show (for 127.0.0.1 at 2010-09-10 05:25:49) [GET]
  Parameters: {"action"=>"show", "id"=>"39-gagasaurus-rex-pic", "controller"=>"page"}
  [4;36;1mPage Columns (1.8ms)[0m   [0;1mSHOW FIELDS FROM `pages`[0m
  [4;35;1mPage Load (0.2ms)[0m   [0mSELECT * FROM `pages` WHERE (`pages`.`id` = 39) [0m
Rendering template within layouts/application
Rendering page/show
  [4;36;1mUser Columns (2.2ms)[0m   [0;1mSHOW FIELDS FROM `users`[0m
  [4;35;1mUser Load (0.2ms)[0m   [0mSELECT * FROM `users` WHERE (`users`.`facebook_id` = '904678') LIMIT 1[0m
Rendered layouts/_likeButtonSquareCounter (14.3ms)
  [4;36;1mUser Load (0.2ms)[0m   [0;1mSELECT * FROM `users` WHERE (`users`.`id` = 1) [0m
  [4;35;1mPage Load (0.5ms)[0m   [0mSELECT * FROM `pages` ORDER BY weighted_score DESC LIMIT 10[0m
Rendered layouts/_sidePanel (4.4ms)
Rendered layouts/_ogTags (1.3ms)
Completed in 47ms (View: 28, DB: 5) | 200 OK [http://localhost/39-gagasaurus-rex-pic]
  [4;36;1mSQL (0.1ms)[0m   [0;1mSET NAMES 'utf8'[0m
  [4;35;1mSQL (0.1ms)[0m   [0mSET SQL_AUTO_IS_NULL=0[0m


Processing HomeController#show (for 127.0.0.1 at 2010-09-10 05:27:06) [GET]
  Parameters: {"action"=>"show", "controller"=>"home"}
  [4;36;1mPage Load (1.0ms)[0m   [0;1mSELECT * FROM `pages` ORDER BY weighted_score DESC LIMIT 30[0m
Rendering template within layouts/application
Rendering home/show
  [4;35;1mPage Columns (1.5ms)[0m   [0mSHOW FIELDS FROM `pages`[0m
  [4;36;1mUser Columns (1.2ms)[0m   [0;1mSHOW FIELDS FROM `users`[0m
  [4;35;1mUser Load (0.2ms)[0m   [0mSELECT * FROM `users` WHERE (`users`.`facebook_id` = '904678') LIMIT 1[0m
Rendered layouts/_likeButtonSquareCounter (92.5ms)
  [4;36;1mUser Load (0.2ms)[0m   [0;1mSELECT * FROM `users` WHERE (`users`.`id` = 1) [0m
Rendered page/_homeRow (104.2ms)
Rendered layouts/_likeButtonSquareCounter (0.9ms)
  [4;35;1mCACHE (0.0ms)[0m   [0mSELECT * FROM `users` WHERE (`users`.`id` = 1) [0m
Rendered page/_homeRow (4.3ms)
Rendered layouts/_likeButtonSquareCounter (0.6ms)
  [4;36;1mCACHE (0.0ms)[0m   [0;1mSELECT * FROM `users` WHERE (`users`.`id` = 1) [0m
Rendered page/_homeRow (3.9ms)
Rendered layouts/_likeButtonSquareCounter (0.7ms)
  [4;35;1mCACHE (0.0ms)[0m   [0mSELECT * FROM `users` WHERE (`users`.`id` = 1) [0m
Rendered page/_homeRow (5.2ms)
Rendered layouts/_likeButtonSquareCounter (0.6ms)
  [4;36;1mCACHE (0.0ms)[0m   [0;1mSELECT * FROM `users` WHERE (`users`.`id` = 1) [0m
Rendered page/_homeRow (4.2ms)
Rendered layouts/_likeButtonSquareCounter (0.7ms)
  [4;35;1mCACHE (0.0ms)[0m   [0mSELECT * FROM `users` WHERE (`users`.`id` = 1) [0m
Rendered page/_homeRow (5.2ms)
Rendered layouts/_likeButtonSquareCounter (0.6ms)
  [4;36;1mCACHE (0.0ms)[0m   [0;1mSELECT * FROM `users` WHERE (`users`.`id` = 1) [0m
Rendered page/_homeRow (3.6ms)
Rendered layouts/_likeButtonSquareCounter (0.7ms)
  [4;35;1mCACHE (0.0ms)[0m   [0mSELECT * FROM `users` WHERE (`users`.`id` = 1) [0m
Rendered page/_homeRow (5.4ms)
Rendered layouts/_likeButtonSquareCounter (0.6ms)
  [4;36;1mCACHE (0.0ms)[0m   [0;1mSELECT * FROM `users` WHERE (`users`.`id` = 1) [0m
Rendered page/_homeRow (4.0ms)
Rendered layouts/_likeButtonSquareCounter (0.7ms)
  [4;35;1mCACHE (0.0ms)[0m   [0mSELECT * FROM `users` WHERE (`users`.`id` = 1) [0m
Rendered page/_homeRow (4.1ms)
Rendered layouts/_likeButtonSquareCounter (0.6ms)
  [4;36;1mUser Load (0.3ms)[0m   [0;1mSELECT * FROM `users` WHERE (`users`.`id` = 2) [0m
Rendered page/_homeRow (4.4ms)
Rendered layouts/_likeButtonSquareCounter (0.7ms)
  [4;35;1mCACHE (0.0ms)[0m   [0mSELECT * FROM `users` WHERE (`users`.`id` = 1) [0m
Rendered page/_homeRow (11.8ms)
Rendered layouts/_likeButtonSquareCounter (1.0ms)
  [4;36;1mCACHE (0.0ms)[0m   [0;1mSELECT * FROM `users` WHERE (`users`.`id` = 2) [0m
Rendered page/_homeRow (5.1ms)
Rendered layouts/_likeButtonSquareCounter (1.0ms)
  [4;35;1mCACHE (0.0ms)[0m   [0mSELECT * FROM `users` WHERE (`users`.`id` = 1) [0m
Rendered page/_homeRow (4.8ms)
Rendered layouts/_likeButtonSquareCounter (0.6ms)
  [4;36;1mCACHE (0.0ms)[0m   [0;1mSELECT * FROM `users` WHERE (`users`.`id` = 1) [0m
Rendered page/_homeRow (3.3ms)
Rendered layouts/_likeButtonSquareCounter (0.6ms)
  [4;35;1mCACHE (0.0ms)[0m   [0mSELECT * FROM `users` WHERE (`users`.`id` = 1) [0m
Rendered page/_homeRow (3.8ms)
Rendered layouts/_likeButtonSquareCounter (0.6ms)
  [4;36;1mCACHE (0.0ms)[0m   [0;1mSELECT * FROM `users` WHERE (`users`.`id` = 1) [0m
Rendered page/_homeRow (3.4ms)
Rendered layouts/_likeButtonSquareCounter (0.5ms)
  [4;35;1mCACHE (0.0ms)[0m   [0mSELECT * FROM `users` WHERE (`users`.`id` = 1) [0m
Rendered page/_homeRow (3.0ms)
Rendered layouts/_likeButtonSquareCounter (0.6ms)
  [4;36;1mCACHE (0.0ms)[0m   [0;1mSELECT * FROM `users` WHERE (`users`.`id` = 1) [0m
Rendered page/_homeRow (3.2ms)
Rendered layouts/_likeButtonSquareCounter (0.7ms)
  [4;35;1mCACHE (0.0ms)[0m   [0mSELECT * FROM `users` WHERE (`users`.`id` = 1) [0m
Rendered page/_homeRow (4.4ms)
Rendered layouts/_likeButtonSquareCounter (0.6ms)
  [4;36;1mCACHE (0.0ms)[0m   [0;1mSELECT * FROM `users` WHERE (`users`.`id` = 1) [0m
Rendered page/_homeRow (35.1ms)
Rendered layouts/_likeButtonSquareCounter (0.5ms)
  [4;35;1mCACHE (0.0ms)[0m   [0mSELECT * FROM `users` WHERE (`users`.`id` = 1) [0m
Rendered page/_homeRow (3.2ms)
Rendered layouts/_likeButtonSquareCounter (0.5ms)
  [4;36;1mCACHE (0.0ms)[0m   [0;1mSELECT * FROM `users` WHERE (`users`.`id` = 1) [0m
Rendered page/_homeRow (3.2ms)
Rendered layouts/_likeButtonSquareCounter (0.5ms)
  [4;35;1mCACHE (0.0ms)[0m   [0mSELECT * FROM `users` WHERE (`users`.`id` = 1) [0m
Rendered page/_homeRow (2.9ms)
Rendered layouts/_likeButtonSquareCounter (0.6ms)
  [4;36;1mCACHE (0.0ms)[0m   [0;1mSELECT * FROM `users` WHERE (`users`.`id` = 1) [0m
Rendered page/_homeRow (3.1ms)
Rendered layouts/_likeButtonSquareCounter (0.9ms)
  [4;35;1mCACHE (0.0ms)[0m   [0mSELECT * FROM `users` WHERE (`users`.`id` = 1) [0m
Rendered page/_homeRow (86.9ms)
Rendered layouts/_likeButtonSquareCounter (0.6ms)
  [4;36;1mCACHE (0.0ms)[0m   [0;1mSELECT * FROM `users` WHERE (`users`.`id` = 1) [0m
Rendered page/_homeRow (4.3ms)
Rendered layouts/_likeButtonSquareCounter (0.7ms)
  [4;35;1mCACHE (0.0ms)[0m   [0mSELECT * FROM `users` WHERE (`users`.`id` = 1) [0m
Rendered page/_homeRow (4.4ms)
Rendered layouts/_likeButtonSquareCounter (0.8ms)
  [4;36;1mCACHE (0.0ms)[0m   [0;1mSELECT * FROM `users` WHERE (`users`.`id` = 1) [0m
Rendered page/_homeRow (5.6ms)
Rendered layouts/_likeButtonSquareCounter (0.6ms)
  [4;35;1mCACHE (0.0ms)[0m   [0mSELECT * FROM `users` WHERE (`users`.`id` = 1) [0m
Rendered page/_homeRow (3.5ms)
Rendered layouts/_ogTags (1.1ms)
Completed in 369ms (View: 353, DB: 5) | 200 OK [http://localhost/home]
  [4;36;1mSQL (0.1ms)[0m   [0;1mSET NAMES 'utf8'[0m
  [4;35;1mSQL (0.1ms)[0m   [0mSET SQL_AUTO_IS_NULL=0[0m


Processing PageController#show (for 127.0.0.1 at 2010-09-10 05:27:10) [GET]
  Parameters: {"action"=>"show", "id"=>"22-disney-princess-superheroes-pic", "controller"=>"page"}
  [4;36;1mPage Columns (1.6ms)[0m   [0;1mSHOW FIELDS FROM `pages`[0m
  [4;35;1mPage Load (0.2ms)[0m   [0mSELECT * FROM `pages` WHERE (`pages`.`id` = 22) [0m
Rendering template within layouts/application
Rendering page/show
  [4;36;1mUser Columns (2.2ms)[0m   [0;1mSHOW FIELDS FROM `users`[0m
  [4;35;1mUser Load (0.4ms)[0m   [0mSELECT * FROM `users` WHERE (`users`.`facebook_id` = '904678') LIMIT 1[0m
Rendered layouts/_likeButtonSquareCounter (15.1ms)
  [4;36;1mUser Load (1.2ms)[0m   [0;1mSELECT * FROM `users` WHERE (`users`.`id` = 1) [0m
  [4;35;1mPage Load (1.0ms)[0m   [0mSELECT * FROM `pages` ORDER BY weighted_score DESC LIMIT 10[0m
Rendered layouts/_sidePanel (5.5ms)

ActionView::TemplateError (wrong number of arguments (2 for 1)) on line #5 of app/views/layouts/_ogTags.html.erb:
2: <% if @page %>
3:     <!-- Facebook Open Graph -->
4:     <meta property="og:title" content="<%= @page.og_title || @html_title || "TheLikeStream - #{controller.controller_name.titleize}" %>" />
5:     <meta property="og:image" content="<%= @page.og_image || image_path("/images/like-72-72.png", :only_path=>false) %>" />
6:     <meta property="og:url" content="<%= @page.og_url || page_url(@page, :only_path => false) %>" />
7: <% else %>
8:     <meta property="og:title" content="<%= @html_title || "TheLikeStream - #{controller.controller_name.titleize}" %>" />

    app/views/layouts/_ogTags.html.erb:5:in `image_path'
    app/views/layouts/_ogTags.html.erb:5
    app/views/layouts/application.html.erb:24
    /System/Library/Frameworks/Ruby.framework/Versions/1.8/usr/lib/ruby/1.8/webrick/httpserver.rb:104:in `service'
    /System/Library/Frameworks/Ruby.framework/Versions/1.8/usr/lib/ruby/1.8/webrick/httpserver.rb:65:in `run'
    /System/Library/Frameworks/Ruby.framework/Versions/1.8/usr/lib/ruby/1.8/webrick/server.rb:173:in `start_thread'
    /System/Library/Frameworks/Ruby.framework/Versions/1.8/usr/lib/ruby/1.8/webrick/server.rb:162:in `start'
    /System/Library/Frameworks/Ruby.framework/Versions/1.8/usr/lib/ruby/1.8/webrick/server.rb:162:in `start_thread'
    /System/Library/Frameworks/Ruby.framework/Versions/1.8/usr/lib/ruby/1.8/webrick/server.rb:95:in `start'
    /System/Library/Frameworks/Ruby.framework/Versions/1.8/usr/lib/ruby/1.8/webrick/server.rb:92:in `each'
    /System/Library/Frameworks/Ruby.framework/Versions/1.8/usr/lib/ruby/1.8/webrick/server.rb:92:in `start'
    /System/Library/Frameworks/Ruby.framework/Versions/1.8/usr/lib/ruby/1.8/webrick/server.rb:23:in `start'
    /System/Library/Frameworks/Ruby.framework/Versions/1.8/usr/lib/ruby/1.8/webrick/server.rb:82:in `start'

Rendered rescues/_trace (127.7ms)
Rendered rescues/_request_and_response (1.9ms)
Rendering rescues/layout (internal_server_error)
  [4;36;1mSQL (0.1ms)[0m   [0;1mSET NAMES 'utf8'[0m
  [4;35;1mSQL (0.1ms)[0m   [0mSET SQL_AUTO_IS_NULL=0[0m


Processing HomeController#show (for 127.0.0.1 at 2010-09-10 05:27:12) [GET]
  Parameters: {"action"=>"show", "controller"=>"home"}
  [4;36;1mPage Load (1.2ms)[0m   [0;1mSELECT * FROM `pages` ORDER BY weighted_score DESC LIMIT 30[0m
Rendering template within layouts/application
Rendering home/show
  [4;35;1mPage Columns (1.4ms)[0m   [0mSHOW FIELDS FROM `pages`[0m
  [4;36;1mUser Columns (1.1ms)[0m   [0;1mSHOW FIELDS FROM `users`[0m
  [4;35;1mUser Load (0.2ms)[0m   [0mSELECT * FROM `users` WHERE (`users`.`facebook_id` = '904678') LIMIT 1[0m
Rendered layouts/_likeButtonSquareCounter (11.5ms)
  [4;36;1mUser Load (0.2ms)[0m   [0;1mSELECT * FROM `users` WHERE (`users`.`id` = 1) [0m
Rendered page/_homeRow (23.6ms)
Rendered layouts/_likeButtonSquareCounter (0.6ms)
  [4;35;1mCACHE (0.0ms)[0m   [0mSELECT * FROM `users` WHERE (`users`.`id` = 1) [0m
Rendered page/_homeRow (4.5ms)
Rendered layouts/_likeButtonSquareCounter (0.5ms)
  [4;36;1mCACHE (0.0ms)[0m   [0;1mSELECT * FROM `users` WHERE (`users`.`id` = 1) [0m
Rendered page/_homeRow (3.5ms)
Rendered layouts/_likeButtonSquareCounter (0.7ms)
  [4;35;1mCACHE (0.0ms)[0m   [0mSELECT * FROM `users` WHERE (`users`.`id` = 1) [0m
Rendered page/_homeRow (5.1ms)
Rendered layouts/_likeButtonSquareCounter (0.6ms)
  [4;36;1mCACHE (0.0ms)[0m   [0;1mSELECT * FROM `users` WHERE (`users`.`id` = 1) [0m
Rendered page/_homeRow (4.2ms)
Rendered layouts/_likeButtonSquareCounter (0.7ms)
  [4;35;1mCACHE (0.0ms)[0m   [0mSELECT * FROM `users` WHERE (`users`.`id` = 1) [0m
Rendered page/_homeRow (4.5ms)
Rendered layouts/_likeButtonSquareCounter (0.6ms)
  [4;36;1mCACHE (0.0ms)[0m   [0;1mSELECT * FROM `users` WHERE (`users`.`id` = 1) [0m
Rendered page/_homeRow (3.3ms)
Rendered layouts/_likeButtonSquareCounter (0.7ms)
  [4;35;1mCACHE (0.0ms)[0m   [0mSELECT * FROM `users` WHERE (`users`.`id` = 1) [0m
Rendered page/_homeRow (5.0ms)
Rendered layouts/_likeButtonSquareCounter (0.6ms)
  [4;36;1mCACHE (0.0ms)[0m   [0;1mSELECT * FROM `users` WHERE (`users`.`id` = 1) [0m
Rendered page/_homeRow (3.9ms)
Rendered layouts/_likeButtonSquareCounter (0.7ms)
  [4;35;1mCACHE (0.0ms)[0m   [0mSELECT * FROM `users` WHERE (`users`.`id` = 1) [0m
Rendered page/_homeRow (4.0ms)
Rendered layouts/_likeButtonSquareCounter (0.6ms)
  [4;36;1mUser Load (0.3ms)[0m   [0;1mSELECT * FROM `users` WHERE (`users`.`id` = 2) [0m
Rendered page/_homeRow (4.2ms)
Rendered layouts/_likeButtonSquareCounter (0.7ms)
  [4;35;1mCACHE (0.0ms)[0m   [0mSELECT * FROM `users` WHERE (`users`.`id` = 1) [0m
Rendered page/_homeRow (10.9ms)
Rendered layouts/_likeButtonSquareCounter (1.0ms)
  [4;36;1mCACHE (0.0ms)[0m   [0;1mSELECT * FROM `users` WHERE (`users`.`id` = 2) [0m
Rendered page/_homeRow (4.6ms)
Rendered layouts/_likeButtonSquareCounter (1.0ms)
  [4;35;1mCACHE (0.0ms)[0m   [0mSELECT * FROM `users` WHERE (`users`.`id` = 1) [0m
Rendered page/_homeRow (4.8ms)
Rendered layouts/_likeButtonSquareCounter (0.6ms)
  [4;36;1mCACHE (0.0ms)[0m   [0;1mSELECT * FROM `users` WHERE (`users`.`id` = 1) [0m
Rendered page/_homeRow (3.1ms)
Rendered layouts/_likeButtonSquareCounter (0.5ms)
  [4;35;1mCACHE (0.0ms)[0m   [0mSELECT * FROM `users` WHERE (`users`.`id` = 1) [0m
Rendered page/_homeRow (3.7ms)
Rendered layouts/_likeButtonSquareCounter (0.5ms)
  [4;36;1mCACHE (0.0ms)[0m   [0;1mSELECT * FROM `users` WHERE (`users`.`id` = 1) [0m
Rendered page/_homeRow (3.2ms)
Rendered layouts/_likeButtonSquareCounter (0.5ms)
  [4;35;1mCACHE (0.0ms)[0m   [0mSELECT * FROM `users` WHERE (`users`.`id` = 1) [0m
Rendered page/_homeRow (3.0ms)
Rendered layouts/_likeButtonSquareCounter (0.7ms)
  [4;36;1mCACHE (0.0ms)[0m   [0;1mSELECT * FROM `users` WHERE (`users`.`id` = 1) [0m
Rendered page/_homeRow (3.5ms)
Rendered layouts/_likeButtonSquareCounter (0.8ms)
  [4;35;1mCACHE (0.0ms)[0m   [0mSELECT * FROM `users` WHERE (`users`.`id` = 1) [0m
Rendered page/_homeRow (93.4ms)
Rendered layouts/_likeButtonSquareCounter (0.6ms)
  [4;36;1mCACHE (0.0ms)[0m   [0;1mSELECT * FROM `users` WHERE (`users`.`id` = 1) [0m
Rendered page/_homeRow (37.2ms)
Rendered layouts/_likeButtonSquareCounter (0.5ms)
  [4;35;1mCACHE (0.0ms)[0m   [0mSELECT * FROM `users` WHERE (`users`.`id` = 1) [0m
Rendered page/_homeRow (3.5ms)
Rendered layouts/_likeButtonSquareCounter (0.5ms)
  [4;36;1mCACHE (0.0ms)[0m   [0;1mSELECT * FROM `users` WHERE (`users`.`id` = 1) [0m
Rendered page/_homeRow (3.2ms)
Rendered layouts/_likeButtonSquareCounter (0.5ms)
  [4;35;1mCACHE (0.0ms)[0m   [0mSELECT * FROM `users` WHERE (`users`.`id` = 1) [0m
Rendered page/_homeRow (2.9ms)
Rendered layouts/_likeButtonSquareCounter (0.6ms)
  [4;36;1mCACHE (0.0ms)[0m   [0;1mSELECT * FROM `users` WHERE (`users`.`id` = 1) [0m
Rendered page/_homeRow (3.4ms)
Rendered layouts/_likeButtonSquareCounter (0.6ms)
  [4;35;1mCACHE (0.0ms)[0m   [0mSELECT * FROM `users` WHERE (`users`.`id` = 1) [0m
Rendered page/_homeRow (3.2ms)
Rendered layouts/_likeButtonSquareCounter (0.6ms)
  [4;36;1mCACHE (0.0ms)[0m   [0;1mSELECT * FROM `users` WHERE (`users`.`id` = 1) [0m
Rendered page/_homeRow (4.0ms)
Rendered layouts/_likeButtonSquareCounter (0.6ms)
  [4;35;1mCACHE (0.0ms)[0m   [0mSELECT * FROM `users` WHERE (`users`.`id` = 1) [0m
Rendered page/_homeRow (4.0ms)
Rendered layouts/_likeButtonSquareCounter (0.8ms)
  [4;36;1mCACHE (0.0ms)[0m   [0;1mSELECT * FROM `users` WHERE (`users`.`id` = 1) [0m
Rendered page/_homeRow (5.6ms)
Rendered layouts/_likeButtonSquareCounter (0.6ms)
  [4;35;1mCACHE (0.0ms)[0m   [0mSELECT * FROM `users` WHERE (`users`.`id` = 1) [0m
Rendered page/_homeRow (3.4ms)
Rendered layouts/_ogTags (0.1ms)
Completed in 290ms (View: 272, DB: 5) | 200 OK [http://localhost/home]
  [4;36;1mSQL (0.1ms)[0m   [0;1mSET NAMES 'utf8'[0m
  [4;35;1mSQL (0.1ms)[0m   [0mSET SQL_AUTO_IS_NULL=0[0m


Processing PageController#show (for 127.0.0.1 at 2010-09-10 05:27:15) [GET]
  Parameters: {"action"=>"show", "id"=>"22-disney-princess-superheroes-pic", "controller"=>"page"}
  [4;36;1mPage Columns (1.6ms)[0m   [0;1mSHOW FIELDS FROM `pages`[0m
  [4;35;1mPage Load (0.3ms)[0m   [0mSELECT * FROM `pages` WHERE (`pages`.`id` = 22) [0m
Rendering template within layouts/application
Rendering page/show
  [4;36;1mUser Columns (1.7ms)[0m   [0;1mSHOW FIELDS FROM `users`[0m
  [4;35;1mUser Load (0.3ms)[0m   [0mSELECT * FROM `users` WHERE (`users`.`facebook_id` = '904678') LIMIT 1[0m
Rendered layouts/_likeButtonSquareCounter (13.3ms)
  [4;36;1mUser Load (0.2ms)[0m   [0;1mSELECT * FROM `users` WHERE (`users`.`id` = 1) [0m
  [4;35;1mPage Load (1.6ms)[0m   [0mSELECT * FROM `pages` ORDER BY weighted_score DESC LIMIT 10[0m
Rendered layouts/_sidePanel (6.1ms)

ActionView::TemplateError (wrong number of arguments (2 for 1)) on line #5 of app/views/layouts/_ogTags.html.erb:
2: <% if @page %>
3:     <!-- Facebook Open Graph -->
4:     <meta property="og:title" content="<%= @page.og_title || @html_title || "TheLikeStream - #{controller.controller_name.titleize}" %>" />
5:     <meta property="og:image" content="<%= @page.og_image || image_path("/images/like-72-72.png", :only_path=>false) %>" />
6:     <meta property="og:url" content="<%= @page.og_url || page_url(@page, :only_path => false) %>" />
7: <% else %>
8:     <meta property="og:title" content="<%= @html_title || "TheLikeStream - #{controller.controller_name.titleize}" %>" />

    app/views/layouts/_ogTags.html.erb:5:in `image_path'
    app/views/layouts/_ogTags.html.erb:5
    app/views/layouts/application.html.erb:24
    /System/Library/Frameworks/Ruby.framework/Versions/1.8/usr/lib/ruby/1.8/webrick/httpserver.rb:104:in `service'
    /System/Library/Frameworks/Ruby.framework/Versions/1.8/usr/lib/ruby/1.8/webrick/httpserver.rb:65:in `run'
    /System/Library/Frameworks/Ruby.framework/Versions/1.8/usr/lib/ruby/1.8/webrick/server.rb:173:in `start_thread'
    /System/Library/Frameworks/Ruby.framework/Versions/1.8/usr/lib/ruby/1.8/webrick/server.rb:162:in `start'
    /System/Library/Frameworks/Ruby.framework/Versions/1.8/usr/lib/ruby/1.8/webrick/server.rb:162:in `start_thread'
    /System/Library/Frameworks/Ruby.framework/Versions/1.8/usr/lib/ruby/1.8/webrick/server.rb:95:in `start'
    /System/Library/Frameworks/Ruby.framework/Versions/1.8/usr/lib/ruby/1.8/webrick/server.rb:92:in `each'
    /System/Library/Frameworks/Ruby.framework/Versions/1.8/usr/lib/ruby/1.8/webrick/server.rb:92:in `start'
    /System/Library/Frameworks/Ruby.framework/Versions/1.8/usr/lib/ruby/1.8/webrick/server.rb:23:in `start'
    /System/Library/Frameworks/Ruby.framework/Versions/1.8/usr/lib/ruby/1.8/webrick/server.rb:82:in `start'

Rendered rescues/_trace (39.4ms)
Rendered rescues/_request_and_response (0.3ms)
Rendering rescues/layout (internal_server_error)
  [4;36;1mSQL (0.1ms)[0m   [0;1mSET NAMES 'utf8'[0m
  [4;35;1mSQL (0.1ms)[0m   [0mSET SQL_AUTO_IS_NULL=0[0m


Processing PageController#show (for 127.0.0.1 at 2010-09-10 05:30:28) [GET]
  Parameters: {"action"=>"show", "id"=>"22-disney-princess-superheroes-pic", "controller"=>"page"}
  [4;36;1mPage Columns (1.6ms)[0m   [0;1mSHOW FIELDS FROM `pages`[0m
  [4;35;1mPage Load (0.2ms)[0m   [0mSELECT * FROM `pages` WHERE (`pages`.`id` = 22) [0m
Rendering template within layouts/application
Rendering page/show
  [4;36;1mUser Columns (2.6ms)[0m   [0;1mSHOW FIELDS FROM `users`[0m
  [4;35;1mUser Load (0.2ms)[0m   [0mSELECT * FROM `users` WHERE (`users`.`facebook_id` = '904678') LIMIT 1[0m
Rendered layouts/_likeButtonSquareCounter (14.8ms)
  [4;36;1mUser Load (0.2ms)[0m   [0;1mSELECT * FROM `users` WHERE (`users`.`id` = 1) [0m
  [4;35;1mPage Load (0.5ms)[0m   [0mSELECT * FROM `pages` ORDER BY weighted_score DESC LIMIT 10[0m
Rendered layouts/_sidePanel (4.6ms)
Rendered layouts/_ogTags (1.4ms)
Completed in 47ms (View: 28, DB: 6) | 200 OK [http://localhost/22-disney-princess-superheroes-pic]
  [4;36;1mSQL (0.1ms)[0m   [0;1mSET NAMES 'utf8'[0m
  [4;35;1mSQL (0.1ms)[0m   [0mSET SQL_AUTO_IS_NULL=0[0m


Processing PageController#show (for 127.0.0.1 at 2010-09-10 05:31:37) [GET]
  Parameters: {"action"=>"show", "id"=>"22-disney-princess-superheroes-pic", "controller"=>"page"}
  [4;36;1mPage Columns (1.6ms)[0m   [0;1mSHOW FIELDS FROM `pages`[0m
  [4;35;1mPage Load (0.2ms)[0m   [0mSELECT * FROM `pages` WHERE (`pages`.`id` = 22) [0m
Rendering template within layouts/application
Rendering page/show
  [4;36;1mUser Columns (2.4ms)[0m   [0;1mSHOW FIELDS FROM `users`[0m
  [4;35;1mUser Load (0.8ms)[0m   [0mSELECT * FROM `users` WHERE (`users`.`facebook_id` = '904678') LIMIT 1[0m
Rendered layouts/_likeButtonSquareCounter (15.1ms)
  [4;36;1mUser Load (0.2ms)[0m   [0;1mSELECT * FROM `users` WHERE (`users`.`id` = 1) [0m
  [4;35;1mPage Load (0.5ms)[0m   [0mSELECT * FROM `pages` ORDER BY weighted_score DESC LIMIT 10[0m
Rendered layouts/_sidePanel (5.2ms)

ActionView::TemplateError (undefined method `image_url' for #<ActionView::Base:0x103477418>) on line #5 of app/views/layouts/_ogTags.html.erb:
2: <% if @page %>
3:     <!-- Facebook Open Graph -->
4:     <meta property="og:title" content="<%= @page.og_title || @html_title || "TheLikeStream - #{controller.controller_name.titleize}" %>" />
5:     <meta property="og:image" content="<%= @page.og_image || image_url("like-72-72.png") %>" />
6:     <meta property="og:url" content="<%= @page.og_url || page_url(@page, :only_path => false) %>" />
7: <% else %>
8:     <meta property="og:title" content="<%= @html_title || "TheLikeStream - #{controller.controller_name.titleize}" %>" />

    app/views/layouts/_ogTags.html.erb:5
    app/views/layouts/application.html.erb:24
    /System/Library/Frameworks/Ruby.framework/Versions/1.8/usr/lib/ruby/1.8/webrick/httpserver.rb:104:in `service'
    /System/Library/Frameworks/Ruby.framework/Versions/1.8/usr/lib/ruby/1.8/webrick/httpserver.rb:65:in `run'
    /System/Library/Frameworks/Ruby.framework/Versions/1.8/usr/lib/ruby/1.8/webrick/server.rb:173:in `start_thread'
    /System/Library/Frameworks/Ruby.framework/Versions/1.8/usr/lib/ruby/1.8/webrick/server.rb:162:in `start'
    /System/Library/Frameworks/Ruby.framework/Versions/1.8/usr/lib/ruby/1.8/webrick/server.rb:162:in `start_thread'
    /System/Library/Frameworks/Ruby.framework/Versions/1.8/usr/lib/ruby/1.8/webrick/server.rb:95:in `start'
    /System/Library/Frameworks/Ruby.framework/Versions/1.8/usr/lib/ruby/1.8/webrick/server.rb:92:in `each'
    /System/Library/Frameworks/Ruby.framework/Versions/1.8/usr/lib/ruby/1.8/webrick/server.rb:92:in `start'
    /System/Library/Frameworks/Ruby.framework/Versions/1.8/usr/lib/ruby/1.8/webrick/server.rb:23:in `start'
    /System/Library/Frameworks/Ruby.framework/Versions/1.8/usr/lib/ruby/1.8/webrick/server.rb:82:in `start'

Rendered rescues/_trace (36.7ms)
Rendered rescues/_request_and_response (0.3ms)
Rendering rescues/layout (internal_server_error)
  [4;36;1mSQL (0.1ms)[0m   [0;1mSET NAMES 'utf8'[0m
  [4;35;1mSQL (0.1ms)[0m   [0mSET SQL_AUTO_IS_NULL=0[0m


Processing PageController#show (for 127.0.0.1 at 2010-09-10 05:31:52) [GET]
  Parameters: {"action"=>"show", "id"=>"22-disney-princess-superheroes-pic", "controller"=>"page"}
  [4;36;1mPage Columns (1.6ms)[0m   [0;1mSHOW FIELDS FROM `pages`[0m
  [4;35;1mPage Load (0.3ms)[0m   [0mSELECT * FROM `pages` WHERE (`pages`.`id` = 22) [0m
Rendering template within layouts/application
Rendering page/show
  [4;36;1mUser Columns (1.0ms)[0m   [0;1mSHOW FIELDS FROM `users`[0m
  [4;35;1mUser Load (0.2ms)[0m   [0mSELECT * FROM `users` WHERE (`users`.`facebook_id` = '904678') LIMIT 1[0m
Rendered layouts/_likeButtonSquareCounter (14.7ms)
  [4;36;1mUser Load (0.2ms)[0m   [0;1mSELECT * FROM `users` WHERE (`users`.`id` = 1) [0m
  [4;35;1mPage Load (0.5ms)[0m   [0mSELECT * FROM `pages` ORDER BY weighted_score DESC LIMIT 10[0m
Rendered layouts/_sidePanel (5.1ms)

ActionView::TemplateError (undefined method `url_for_image' for #<ActionView::Base:0x103538fc8>) on line #5 of app/views/layouts/_ogTags.html.erb:
2: <% if @page %>
3:     <!-- Facebook Open Graph -->
4:     <meta property="og:title" content="<%= @page.og_title || @html_title || "TheLikeStream - #{controller.controller_name.titleize}" %>" />
5:     <meta property="og:image" content="<%= @page.og_image || url_for_image("like-72-72.png") %>" />
6:     <meta property="og:url" content="<%= @page.og_url || page_url(@page, :only_path => false) %>" />
7: <% else %>
8:     <meta property="og:title" content="<%= @html_title || "TheLikeStream - #{controller.controller_name.titleize}" %>" />

    app/views/layouts/_ogTags.html.erb:5
    app/views/layouts/application.html.erb:24
    /System/Library/Frameworks/Ruby.framework/Versions/1.8/usr/lib/ruby/1.8/webrick/httpserver.rb:104:in `service'
    /System/Library/Frameworks/Ruby.framework/Versions/1.8/usr/lib/ruby/1.8/webrick/httpserver.rb:65:in `run'
    /System/Library/Frameworks/Ruby.framework/Versions/1.8/usr/lib/ruby/1.8/webrick/server.rb:173:in `start_thread'
    /System/Library/Frameworks/Ruby.framework/Versions/1.8/usr/lib/ruby/1.8/webrick/server.rb:162:in `start'
    /System/Library/Frameworks/Ruby.framework/Versions/1.8/usr/lib/ruby/1.8/webrick/server.rb:162:in `start_thread'
    /System/Library/Frameworks/Ruby.framework/Versions/1.8/usr/lib/ruby/1.8/webrick/server.rb:95:in `start'
    /System/Library/Frameworks/Ruby.framework/Versions/1.8/usr/lib/ruby/1.8/webrick/server.rb:92:in `each'
    /System/Library/Frameworks/Ruby.framework/Versions/1.8/usr/lib/ruby/1.8/webrick/server.rb:92:in `start'
    /System/Library/Frameworks/Ruby.framework/Versions/1.8/usr/lib/ruby/1.8/webrick/server.rb:23:in `start'
    /System/Library/Frameworks/Ruby.framework/Versions/1.8/usr/lib/ruby/1.8/webrick/server.rb:82:in `start'

Rendered rescues/_trace (37.3ms)
Rendered rescues/_request_and_response (0.3ms)
Rendering rescues/layout (internal_server_error)
  [4;36;1mSQL (0.1ms)[0m   [0;1mSET NAMES 'utf8'[0m
  [4;35;1mSQL (0.1ms)[0m   [0mSET SQL_AUTO_IS_NULL=0[0m


Processing PageController#show (for 127.0.0.1 at 2010-09-10 05:32:00) [GET]
  Parameters: {"action"=>"show", "id"=>"22-disney-princess-superheroes-pic", "controller"=>"page"}
  [4;36;1mPage Columns (3.5ms)[0m   [0;1mSHOW FIELDS FROM `pages`[0m
  [4;35;1mPage Load (0.5ms)[0m   [0mSELECT * FROM `pages` WHERE (`pages`.`id` = 22) [0m
Rendering template within layouts/application
Rendering page/show
  [4;36;1mUser Columns (1.7ms)[0m   [0;1mSHOW FIELDS FROM `users`[0m
  [4;35;1mUser Load (0.5ms)[0m   [0mSELECT * FROM `users` WHERE (`users`.`facebook_id` = '904678') LIMIT 1[0m
Rendered layouts/_likeButtonSquareCounter (22.3ms)
  [4;36;1mUser Load (0.3ms)[0m   [0;1mSELECT * FROM `users` WHERE (`users`.`id` = 1) [0m
  [4;35;1mPage Load (0.6ms)[0m   [0mSELECT * FROM `pages` ORDER BY weighted_score DESC LIMIT 10[0m
Rendered layouts/_sidePanel (6.3ms)

ActionView::TemplateError (undefined method `path_for_image' for #<ActionView::Base:0x102a69b38>) on line #5 of app/views/layouts/_ogTags.html.erb:
2: <% if @page %>
3:     <!-- Facebook Open Graph -->
4:     <meta property="og:title" content="<%= @page.og_title || @html_title || "TheLikeStream - #{controller.controller_name.titleize}" %>" />
5:     <meta property="og:image" content="<%= @page.og_image || path_for_image("like-72-72.png") %>" />
6:     <meta property="og:url" content="<%= @page.og_url || page_url(@page, :only_path => false) %>" />
7: <% else %>
8:     <meta property="og:title" content="<%= @html_title || "TheLikeStream - #{controller.controller_name.titleize}" %>" />

    app/views/layouts/_ogTags.html.erb:5
    app/views/layouts/application.html.erb:24
    /System/Library/Frameworks/Ruby.framework/Versions/1.8/usr/lib/ruby/1.8/webrick/httpserver.rb:104:in `service'
    /System/Library/Frameworks/Ruby.framework/Versions/1.8/usr/lib/ruby/1.8/webrick/httpserver.rb:65:in `run'
    /System/Library/Frameworks/Ruby.framework/Versions/1.8/usr/lib/ruby/1.8/webrick/server.rb:173:in `start_thread'
    /System/Library/Frameworks/Ruby.framework/Versions/1.8/usr/lib/ruby/1.8/webrick/server.rb:162:in `start'
    /System/Library/Frameworks/Ruby.framework/Versions/1.8/usr/lib/ruby/1.8/webrick/server.rb:162:in `start_thread'
    /System/Library/Frameworks/Ruby.framework/Versions/1.8/usr/lib/ruby/1.8/webrick/server.rb:95:in `start'
    /System/Library/Frameworks/Ruby.framework/Versions/1.8/usr/lib/ruby/1.8/webrick/server.rb:92:in `each'
    /System/Library/Frameworks/Ruby.framework/Versions/1.8/usr/lib/ruby/1.8/webrick/server.rb:92:in `start'
    /System/Library/Frameworks/Ruby.framework/Versions/1.8/usr/lib/ruby/1.8/webrick/server.rb:23:in `start'
    /System/Library/Frameworks/Ruby.framework/Versions/1.8/usr/lib/ruby/1.8/webrick/server.rb:82:in `start'

Rendered rescues/_trace (42.2ms)
Rendered rescues/_request_and_response (0.3ms)
Rendering rescues/layout (internal_server_error)
  [4;36;1mSQL (0.1ms)[0m   [0;1mSET NAMES 'utf8'[0m
  [4;35;1mSQL (0.1ms)[0m   [0mSET SQL_AUTO_IS_NULL=0[0m


Processing PageController#show (for 127.0.0.1 at 2010-09-10 05:32:28) [GET]
  Parameters: {"action"=>"show", "id"=>"22-disney-princess-superheroes-pic", "controller"=>"page"}
  [4;36;1mPage Columns (1.7ms)[0m   [0;1mSHOW FIELDS FROM `pages`[0m
  [4;35;1mPage Load (1.4ms)[0m   [0mSELECT * FROM `pages` WHERE (`pages`.`id` = 22) [0m
Rendering template within layouts/application
Rendering page/show
  [4;36;1mUser Columns (1.1ms)[0m   [0;1mSHOW FIELDS FROM `users`[0m
  [4;35;1mUser Load (0.2ms)[0m   [0mSELECT * FROM `users` WHERE (`users`.`facebook_id` = '904678') LIMIT 1[0m
Rendered layouts/_likeButtonSquareCounter (14.3ms)
  [4;36;1mUser Load (0.2ms)[0m   [0;1mSELECT * FROM `users` WHERE (`users`.`id` = 1) [0m
  [4;35;1mPage Load (0.5ms)[0m   [0mSELECT * FROM `pages` ORDER BY weighted_score DESC LIMIT 10[0m
Rendered layouts/_sidePanel (4.8ms)

ActionView::TemplateError (undefined method `url_to_image' for #<ActionView::Base:0x102ac5668>) on line #5 of app/views/layouts/_ogTags.html.erb:
2: <% if @page %>
3:     <!-- Facebook Open Graph -->
4:     <meta property="og:title" content="<%= @page.og_title || @html_title || "TheLikeStream - #{controller.controller_name.titleize}" %>" />
5:     <meta property="og:image" content="<%= @page.og_image || url_to_image("like-72-72.png") %>" />
6:     <meta property="og:url" content="<%= @page.og_url || page_url(@page, :only_path => false) %>" />
7: <% else %>
8:     <meta property="og:title" content="<%= @html_title || "TheLikeStream - #{controller.controller_name.titleize}" %>" />

    app/views/layouts/_ogTags.html.erb:5
    app/views/layouts/application.html.erb:24
    /System/Library/Frameworks/Ruby.framework/Versions/1.8/usr/lib/ruby/1.8/webrick/httpserver.rb:104:in `service'
    /System/Library/Frameworks/Ruby.framework/Versions/1.8/usr/lib/ruby/1.8/webrick/httpserver.rb:65:in `run'
    /System/Library/Frameworks/Ruby.framework/Versions/1.8/usr/lib/ruby/1.8/webrick/server.rb:173:in `start_thread'
    /System/Library/Frameworks/Ruby.framework/Versions/1.8/usr/lib/ruby/1.8/webrick/server.rb:162:in `start'
    /System/Library/Frameworks/Ruby.framework/Versions/1.8/usr/lib/ruby/1.8/webrick/server.rb:162:in `start_thread'
    /System/Library/Frameworks/Ruby.framework/Versions/1.8/usr/lib/ruby/1.8/webrick/server.rb:95:in `start'
    /System/Library/Frameworks/Ruby.framework/Versions/1.8/usr/lib/ruby/1.8/webrick/server.rb:92:in `each'
    /System/Library/Frameworks/Ruby.framework/Versions/1.8/usr/lib/ruby/1.8/webrick/server.rb:92:in `start'
    /System/Library/Frameworks/Ruby.framework/Versions/1.8/usr/lib/ruby/1.8/webrick/server.rb:23:in `start'
    /System/Library/Frameworks/Ruby.framework/Versions/1.8/usr/lib/ruby/1.8/webrick/server.rb:82:in `start'

Rendered rescues/_trace (37.4ms)
Rendered rescues/_request_and_response (0.3ms)
Rendering rescues/layout (internal_server_error)
  [4;36;1mSQL (0.1ms)[0m   [0;1mSET NAMES 'utf8'[0m
  [4;35;1mSQL (0.1ms)[0m   [0mSET SQL_AUTO_IS_NULL=0[0m


Processing PageController#show (for 127.0.0.1 at 2010-09-10 05:32:34) [GET]
  Parameters: {"action"=>"show", "id"=>"22-disney-princess-superheroes-pic", "controller"=>"page"}
  [4;36;1mPage Columns (1.6ms)[0m   [0;1mSHOW FIELDS FROM `pages`[0m
  [4;35;1mPage Load (0.2ms)[0m   [0mSELECT * FROM `pages` WHERE (`pages`.`id` = 22) [0m
Rendering template within layouts/application
Rendering page/show
  [4;36;1mUser Columns (1.2ms)[0m   [0;1mSHOW FIELDS FROM `users`[0m
  [4;35;1mUser Load (0.2ms)[0m   [0mSELECT * FROM `users` WHERE (`users`.`facebook_id` = '904678') LIMIT 1[0m
Rendered layouts/_likeButtonSquareCounter (100.6ms)
  [4;36;1mUser Load (0.2ms)[0m   [0;1mSELECT * FROM `users` WHERE (`users`.`id` = 1) [0m
  [4;35;1mPage Load (1.3ms)[0m   [0mSELECT * FROM `pages` ORDER BY weighted_score DESC LIMIT 10[0m
Rendered layouts/_sidePanel (5.8ms)
Rendered layouts/_ogTags (1.3ms)
Completed in 135ms (View: 117, DB: 5) | 200 OK [http://localhost/22-disney-princess-superheroes-pic]
  [4;36;1mSQL (0.1ms)[0m   [0;1mSET NAMES 'utf8'[0m
  [4;35;1mSQL (0.1ms)[0m   [0mSET SQL_AUTO_IS_NULL=0[0m


Processing PageController#show (for 127.0.0.1 at 2010-09-10 05:32:43) [GET]
  Parameters: {"action"=>"show", "id"=>"22-disney-princess-superheroes-pic", "controller"=>"page"}
  [4;36;1mPage Columns (1.6ms)[0m   [0;1mSHOW FIELDS FROM `pages`[0m
  [4;35;1mPage Load (0.2ms)[0m   [0mSELECT * FROM `pages` WHERE (`pages`.`id` = 22) [0m
Rendering template within layouts/application
Rendering page/show
  [4;36;1mUser Columns (1.9ms)[0m   [0;1mSHOW FIELDS FROM `users`[0m
  [4;35;1mUser Load (0.2ms)[0m   [0mSELECT * FROM `users` WHERE (`users`.`facebook_id` = '904678') LIMIT 1[0m
Rendered layouts/_likeButtonSquareCounter (13.8ms)
  [4;36;1mUser Load (0.2ms)[0m   [0;1mSELECT * FROM `users` WHERE (`users`.`id` = 1) [0m
  [4;35;1mPage Load (0.5ms)[0m   [0mSELECT * FROM `pages` ORDER BY weighted_score DESC LIMIT 10[0m
Rendered layouts/_sidePanel (4.6ms)

ActionView::TemplateError (wrong number of arguments (2 for 1)) on line #5 of app/views/layouts/_ogTags.html.erb:
2: <% if @page %>
3:     <!-- Facebook Open Graph -->
4:     <meta property="og:title" content="<%= @page.og_title || @html_title || "TheLikeStream - #{controller.controller_name.titleize}" %>" />
5:     <meta property="og:image" content="<%= @page.og_image || path_to_image("like-72-72.png", :only_path=>false) %>" />
6:     <meta property="og:url" content="<%= @page.og_url || page_url(@page, :only_path => false) %>" />
7: <% else %>
8:     <meta property="og:title" content="<%= @html_title || "TheLikeStream - #{controller.controller_name.titleize}" %>" />

    app/views/layouts/_ogTags.html.erb:5:in `path_to_image'
    app/views/layouts/_ogTags.html.erb:5
    app/views/layouts/application.html.erb:24
    /System/Library/Frameworks/Ruby.framework/Versions/1.8/usr/lib/ruby/1.8/webrick/httpserver.rb:104:in `service'
    /System/Library/Frameworks/Ruby.framework/Versions/1.8/usr/lib/ruby/1.8/webrick/httpserver.rb:65:in `run'
    /System/Library/Frameworks/Ruby.framework/Versions/1.8/usr/lib/ruby/1.8/webrick/server.rb:173:in `start_thread'
    /System/Library/Frameworks/Ruby.framework/Versions/1.8/usr/lib/ruby/1.8/webrick/server.rb:162:in `start'
    /System/Library/Frameworks/Ruby.framework/Versions/1.8/usr/lib/ruby/1.8/webrick/server.rb:162:in `start_thread'
    /System/Library/Frameworks/Ruby.framework/Versions/1.8/usr/lib/ruby/1.8/webrick/server.rb:95:in `start'
    /System/Library/Frameworks/Ruby.framework/Versions/1.8/usr/lib/ruby/1.8/webrick/server.rb:92:in `each'
    /System/Library/Frameworks/Ruby.framework/Versions/1.8/usr/lib/ruby/1.8/webrick/server.rb:92:in `start'
    /System/Library/Frameworks/Ruby.framework/Versions/1.8/usr/lib/ruby/1.8/webrick/server.rb:23:in `start'
    /System/Library/Frameworks/Ruby.framework/Versions/1.8/usr/lib/ruby/1.8/webrick/server.rb:82:in `start'

Rendered rescues/_trace (39.7ms)
Rendered rescues/_request_and_response (0.3ms)
Rendering rescues/layout (internal_server_error)
  [4;36;1mSQL (0.1ms)[0m   [0;1mSET NAMES 'utf8'[0m
  [4;35;1mSQL (0.1ms)[0m   [0mSET SQL_AUTO_IS_NULL=0[0m


Processing PageController#show (for 127.0.0.1 at 2010-09-10 05:32:51) [GET]
  Parameters: {"action"=>"show", "id"=>"22-disney-princess-superheroes-pic", "controller"=>"page"}
  [4;36;1mPage Columns (1.6ms)[0m   [0;1mSHOW FIELDS FROM `pages`[0m
  [4;35;1mPage Load (0.3ms)[0m   [0mSELECT * FROM `pages` WHERE (`pages`.`id` = 22) [0m
Rendering template within layouts/application
Rendering page/show
  [4;36;1mUser Columns (1.7ms)[0m   [0;1mSHOW FIELDS FROM `users`[0m
  [4;35;1mUser Load (0.2ms)[0m   [0mSELECT * FROM `users` WHERE (`users`.`facebook_id` = '904678') LIMIT 1[0m
Rendered layouts/_likeButtonSquareCounter (13.6ms)
  [4;36;1mUser Load (0.2ms)[0m   [0;1mSELECT * FROM `users` WHERE (`users`.`id` = 1) [0m
  [4;35;1mPage Load (0.5ms)[0m   [0mSELECT * FROM `pages` ORDER BY weighted_score DESC LIMIT 10[0m
Rendered layouts/_sidePanel (4.6ms)
Rendered layouts/_ogTags (1.3ms)
Completed in 46ms (View: 29, DB: 5) | 200 OK [http://localhost/22-disney-princess-superheroes-pic]
  [4;36;1mSQL (0.1ms)[0m   [0;1mSET NAMES 'utf8'[0m
  [4;35;1mSQL (0.1ms)[0m   [0mSET SQL_AUTO_IS_NULL=0[0m


Processing PageController#show (for 127.0.0.1 at 2010-09-10 05:33:59) [GET]
  Parameters: {"action"=>"show", "id"=>"22-disney-princess-superheroes-pic", "controller"=>"page"}
  [4;36;1mPage Columns (1.7ms)[0m   [0;1mSHOW FIELDS FROM `pages`[0m
  [4;35;1mPage Load (0.2ms)[0m   [0mSELECT * FROM `pages` WHERE (`pages`.`id` = 22) [0m
Rendering template within layouts/application
Rendering page/show
  [4;36;1mUser Columns (2.1ms)[0m   [0;1mSHOW FIELDS FROM `users`[0m
  [4;35;1mUser Load (0.2ms)[0m   [0mSELECT * FROM `users` WHERE (`users`.`facebook_id` = '904678') LIMIT 1[0m
Rendered layouts/_likeButtonSquareCounter (14.7ms)
  [4;36;1mUser Load (0.3ms)[0m   [0;1mSELECT * FROM `users` WHERE (`users`.`id` = 1) [0m
  [4;35;1mPage Load (0.5ms)[0m   [0mSELECT * FROM `pages` ORDER BY weighted_score DESC LIMIT 10[0m
Rendered layouts/_sidePanel (4.6ms)

ActionView::TemplateError (undefined method `image_url' for #<ActionView::Base:0x10345ae58>) on line #5 of app/views/layouts/_ogTags.html.erb:
2: <% if @page %>
3:     <!-- Facebook Open Graph -->
4:     <meta property="og:title" content="<%= @page.og_title || @html_title || "TheLikeStream - #{controller.controller_name.titleize}" %>" />
5:     <meta property="og:image" content="<%= @page.og_image || image_url("like-72-72.png") %>" />
6:     <meta property="og:url" content="<%= @page.og_url || page_url(@page, :only_path => false) %>" />
7: <% else %>
8:     <meta property="og:title" content="<%= @html_title || "TheLikeStream - #{controller.controller_name.titleize}" %>" />

    app/views/layouts/_ogTags.html.erb:5
    app/views/layouts/application.html.erb:24
    /System/Library/Frameworks/Ruby.framework/Versions/1.8/usr/lib/ruby/1.8/webrick/httpserver.rb:104:in `service'
    /System/Library/Frameworks/Ruby.framework/Versions/1.8/usr/lib/ruby/1.8/webrick/httpserver.rb:65:in `run'
    /System/Library/Frameworks/Ruby.framework/Versions/1.8/usr/lib/ruby/1.8/webrick/server.rb:173:in `start_thread'
    /System/Library/Frameworks/Ruby.framework/Versions/1.8/usr/lib/ruby/1.8/webrick/server.rb:162:in `start'
    /System/Library/Frameworks/Ruby.framework/Versions/1.8/usr/lib/ruby/1.8/webrick/server.rb:162:in `start_thread'
    /System/Library/Frameworks/Ruby.framework/Versions/1.8/usr/lib/ruby/1.8/webrick/server.rb:95:in `start'
    /System/Library/Frameworks/Ruby.framework/Versions/1.8/usr/lib/ruby/1.8/webrick/server.rb:92:in `each'
    /System/Library/Frameworks/Ruby.framework/Versions/1.8/usr/lib/ruby/1.8/webrick/server.rb:92:in `start'
    /System/Library/Frameworks/Ruby.framework/Versions/1.8/usr/lib/ruby/1.8/webrick/server.rb:23:in `start'
    /System/Library/Frameworks/Ruby.framework/Versions/1.8/usr/lib/ruby/1.8/webrick/server.rb:82:in `start'

Rendered rescues/_trace (36.1ms)
Rendered rescues/_request_and_response (0.3ms)
Rendering rescues/layout (internal_server_error)
  [4;36;1mSQL (0.1ms)[0m   [0;1mSET NAMES 'utf8'[0m
  [4;35;1mSQL (0.1ms)[0m   [0mSET SQL_AUTO_IS_NULL=0[0m


Processing PageController#show (for 127.0.0.1 at 2010-09-10 05:35:14) [GET]
  Parameters: {"action"=>"show", "id"=>"22-disney-princess-superheroes-pic", "controller"=>"page"}
  [4;36;1mPage Columns (1.6ms)[0m   [0;1mSHOW FIELDS FROM `pages`[0m
  [4;35;1mPage Load (0.2ms)[0m   [0mSELECT * FROM `pages` WHERE (`pages`.`id` = 22) [0m
Rendering template within layouts/application
Rendering page/show
  [4;36;1mUser Columns (2.9ms)[0m   [0;1mSHOW FIELDS FROM `users`[0m
  [4;35;1mUser Load (0.9ms)[0m   [0mSELECT * FROM `users` WHERE (`users`.`facebook_id` = '904678') LIMIT 1[0m
Rendered layouts/_likeButtonSquareCounter (16.9ms)
  [4;36;1mUser Load (0.2ms)[0m   [0;1mSELECT * FROM `users` WHERE (`users`.`id` = 1) [0m
  [4;35;1mPage Load (0.5ms)[0m   [0mSELECT * FROM `pages` ORDER BY weighted_score DESC LIMIT 10[0m
Rendered layouts/_sidePanel (4.5ms)

ActionView::TemplateError (undefined local variable or method `host_with_port' for #<ActionView::Base:0x1034fd450>) on line #5 of app/views/layouts/_ogTags.html.erb:
2: <% if @page %>
3:     <!-- Facebook Open Graph -->
4:     <meta property="og:title" content="<%= @page.og_title || @html_title || "TheLikeStream - #{controller.controller_name.titleize}" %>" />
5:     <meta property="og:image" content="<%= @page.og_image || "http://#{host_with_port}/images/like-72-72.png" %>" />
6:     <meta property="og:url" content="<%= @page.og_url || page_url(@page, :only_path => false) %>" />
7: <% else %>
8:     <meta property="og:title" content="<%= @html_title || "TheLikeStream - #{controller.controller_name.titleize}" %>" />

    app/views/layouts/_ogTags.html.erb:5
    app/views/layouts/application.html.erb:24
    /System/Library/Frameworks/Ruby.framework/Versions/1.8/usr/lib/ruby/1.8/webrick/httpserver.rb:104:in `service'
    /System/Library/Frameworks/Ruby.framework/Versions/1.8/usr/lib/ruby/1.8/webrick/httpserver.rb:65:in `run'
    /System/Library/Frameworks/Ruby.framework/Versions/1.8/usr/lib/ruby/1.8/webrick/server.rb:173:in `start_thread'
    /System/Library/Frameworks/Ruby.framework/Versions/1.8/usr/lib/ruby/1.8/webrick/server.rb:162:in `start'
    /System/Library/Frameworks/Ruby.framework/Versions/1.8/usr/lib/ruby/1.8/webrick/server.rb:162:in `start_thread'
    /System/Library/Frameworks/Ruby.framework/Versions/1.8/usr/lib/ruby/1.8/webrick/server.rb:95:in `start'
    /System/Library/Frameworks/Ruby.framework/Versions/1.8/usr/lib/ruby/1.8/webrick/server.rb:92:in `each'
    /System/Library/Frameworks/Ruby.framework/Versions/1.8/usr/lib/ruby/1.8/webrick/server.rb:92:in `start'
    /System/Library/Frameworks/Ruby.framework/Versions/1.8/usr/lib/ruby/1.8/webrick/server.rb:23:in `start'
    /System/Library/Frameworks/Ruby.framework/Versions/1.8/usr/lib/ruby/1.8/webrick/server.rb:82:in `start'

Rendered rescues/_trace (37.0ms)
Rendered rescues/_request_and_response (0.3ms)
Rendering rescues/layout (internal_server_error)
  [4;36;1mSQL (0.1ms)[0m   [0;1mSET NAMES 'utf8'[0m
  [4;35;1mSQL (0.1ms)[0m   [0mSET SQL_AUTO_IS_NULL=0[0m


Processing PageController#show (for 127.0.0.1 at 2010-09-10 05:40:30) [GET]
  Parameters: {"action"=>"show", "id"=>"22-disney-princess-superheroes-pic", "controller"=>"page"}
  [4;36;1mPage Columns (1.7ms)[0m   [0;1mSHOW FIELDS FROM `pages`[0m
  [4;35;1mPage Load (0.2ms)[0m   [0mSELECT * FROM `pages` WHERE (`pages`.`id` = 22) [0m
Rendering template within layouts/application
Rendering page/show
  [4;36;1mUser Columns (2.4ms)[0m   [0;1mSHOW FIELDS FROM `users`[0m
  [4;35;1mUser Load (0.2ms)[0m   [0mSELECT * FROM `users` WHERE (`users`.`facebook_id` = '904678') LIMIT 1[0m
Rendered layouts/_likeButtonSquareCounter (14.7ms)
  [4;36;1mUser Load (0.2ms)[0m   [0;1mSELECT * FROM `users` WHERE (`users`.`id` = 1) [0m
  [4;35;1mPage Load (0.5ms)[0m   [0mSELECT * FROM `pages` ORDER BY weighted_score DESC LIMIT 10[0m
Rendered layouts/_sidePanel (4.8ms)
Rendered layouts/_ogTags (1.4ms)
Completed in 48ms (View: 29, DB: 5) | 200 OK [http://localhost/22-disney-princess-superheroes-pic]
  [4;36;1mSQL (0.1ms)[0m   [0;1mSET NAMES 'utf8'[0m
  [4;35;1mSQL (0.1ms)[0m   [0mSET SQL_AUTO_IS_NULL=0[0m


Processing PageController#show (for 127.0.0.1 at 2010-09-10 05:41:24) [GET]
  Parameters: {"action"=>"show", "id"=>"22-disney-princess-superheroes-pic", "controller"=>"page"}
  [4;36;1mPage Columns (1.6ms)[0m   [0;1mSHOW FIELDS FROM `pages`[0m
  [4;35;1mPage Load (0.3ms)[0m   [0mSELECT * FROM `pages` WHERE (`pages`.`id` = 22) [0m
Rendering template within layouts/application
Rendering page/show
  [4;36;1mUser Columns (2.5ms)[0m   [0;1mSHOW FIELDS FROM `users`[0m
  [4;35;1mUser Load (0.2ms)[0m   [0mSELECT * FROM `users` WHERE (`users`.`facebook_id` = '904678') LIMIT 1[0m
Rendered layouts/_likeButtonSquareCounter (15.2ms)
  [4;36;1mUser Load (0.2ms)[0m   [0;1mSELECT * FROM `users` WHERE (`users`.`id` = 1) [0m
  [4;35;1mPage Load (0.8ms)[0m   [0mSELECT * FROM `pages` ORDER BY weighted_score DESC LIMIT 10[0m
Rendered layouts/_sidePanel (5.0ms)
Rendered layouts/_ogTags (0.4ms)
Completed in 131ms (View: 112, DB: 6) | 200 OK [http://localhost/22-disney-princess-superheroes-pic]
